{"message":"Listening on port 3000","level":"info"}
{"message":"Connected to mongo db...","level":"info"}
{"message":"Listening on port 3000","level":"info"}
{"message":"Connected to mongo db...","level":"info"}
{"message":"Listening on port 3000","level":"info"}
{"message":"Connected to mongo db...","level":"info"}
{"message":"Listening on port 3000","level":"info"}
{"message":"Connected to mongo db...","level":"info"}
{"level":"error","message":"Something failed during startupSomething failed during startup","stack":"Error: Something failed during startup\n    at module.exports (C:\\xampp\\htdocs\\node-practice\\videly\\startup\\logging.js:27:11)\n    at Object.<anonymous> (C:\\xampp\\htdocs\\node-practice\\videly\\index.js:5:29)\n    at Module._compile (internal/modules/cjs/loader.js:701:30)\n    at Object.Module._extensions..js (internal/modules/cjs/loader.js:712:10)\n    at Module.load (internal/modules/cjs/loader.js:600:32)\n    at tryModuleLoad (internal/modules/cjs/loader.js:539:12)\n    at Function.Module._load (internal/modules/cjs/loader.js:531:3)\n    at Function.Module.runMain (internal/modules/cjs/loader.js:754:12)\n    at startup (internal/bootstrap/node.js:283:19)\n    at bootstrapNodeJSCore (internal/bootstrap/node.js:622:3)"}
{"level":"error","message":"Something failed during startupSomething failed during startup","stack":"Error: Something failed during startup\n    at module.exports (C:\\xampp\\htdocs\\node-practice\\videly\\startup\\logging.js:27:11)\n    at Object.<anonymous> (C:\\xampp\\htdocs\\node-practice\\videly\\index.js:5:29)\n    at Module._compile (internal/modules/cjs/loader.js:701:30)\n    at Object.Module._extensions..js (internal/modules/cjs/loader.js:712:10)\n    at Module.load (internal/modules/cjs/loader.js:600:32)\n    at tryModuleLoad (internal/modules/cjs/loader.js:539:12)\n    at Function.Module._load (internal/modules/cjs/loader.js:531:3)\n    at Function.Module.runMain (internal/modules/cjs/loader.js:754:12)\n    at startup (internal/bootstrap/node.js:283:19)\n    at bootstrapNodeJSCore (internal/bootstrap/node.js:622:3)"}
{"message":"Listening on port 3000","level":"info"}
{"level":"error","message":"Something failed miserablySomething failed miserably","stack":"Error: Something failed miserably\n    at module.exports (C:\\xampp\\htdocs\\node-practice\\videly\\startup\\logging.js:30:30)\n    at Object.<anonymous> (C:\\xampp\\htdocs\\node-practice\\videly\\index.js:5:29)\n    at Module._compile (internal/modules/cjs/loader.js:701:30)\n    at Object.Module._extensions..js (internal/modules/cjs/loader.js:712:10)\n    at Module.load (internal/modules/cjs/loader.js:600:32)\n    at tryModuleLoad (internal/modules/cjs/loader.js:539:12)\n    at Function.Module._load (internal/modules/cjs/loader.js:531:3)\n    at Function.Module.runMain (internal/modules/cjs/loader.js:754:12)\n    at startup (internal/bootstrap/node.js:283:19)\n    at bootstrapNodeJSCore (internal/bootstrap/node.js:622:3)"}
{"message":"Connected to mongo db...","level":"info"}
{"message":"Listening on port 3000","level":"info"}
{"message":"Connected to mongo db...","level":"info"}
{"level":"error","message":"Could not get genres, bad server.Could not get genres, bad server.","stack":"Error: Could not get genres, bad server.\n    at router.get (C:\\xampp\\htdocs\\node-practice\\videly\\routes\\genres.js:9:11)\n    at newFn (C:\\xampp\\htdocs\\node-practice\\videly\\node_modules\\express-async-errors\\index.js:16:20)\n    at Layer.handle [as handle_request] (C:\\xampp\\htdocs\\node-practice\\videly\\node_modules\\express\\lib\\router\\layer.js:95:5)\n    at next (C:\\xampp\\htdocs\\node-practice\\videly\\node_modules\\express\\lib\\router\\route.js:137:13)\n    at Route.dispatch (C:\\xampp\\htdocs\\node-practice\\videly\\node_modules\\express\\lib\\router\\route.js:112:3)\n    at newFn (C:\\xampp\\htdocs\\node-practice\\videly\\node_modules\\express-async-errors\\index.js:16:20)\n    at Layer.handle [as handle_request] (C:\\xampp\\htdocs\\node-practice\\videly\\node_modules\\express\\lib\\router\\layer.js:95:5)\n    at C:\\xampp\\htdocs\\node-practice\\videly\\node_modules\\express\\lib\\router\\index.js:281:22\n    at Function.process_params (C:\\xampp\\htdocs\\node-practice\\videly\\node_modules\\express\\lib\\router\\index.js:335:12)\n    at next (C:\\xampp\\htdocs\\node-practice\\videly\\node_modules\\express\\lib\\router\\index.js:275:10)\n    at Function.handle (C:\\xampp\\htdocs\\node-practice\\videly\\node_modules\\express\\lib\\router\\index.js:174:3)\n    at router (C:\\xampp\\htdocs\\node-practice\\videly\\node_modules\\express\\lib\\router\\index.js:47:12)\n    at newFn (C:\\xampp\\htdocs\\node-practice\\videly\\node_modules\\express-async-errors\\index.js:16:20)\n    at Layer.handle [as handle_request] (C:\\xampp\\htdocs\\node-practice\\videly\\node_modules\\express\\lib\\router\\layer.js:95:5)\n    at trim_prefix (C:\\xampp\\htdocs\\node-practice\\videly\\node_modules\\express\\lib\\router\\index.js:317:13)\n    at C:\\xampp\\htdocs\\node-practice\\videly\\node_modules\\express\\lib\\router\\index.js:284:7\n    at Function.process_params (C:\\xampp\\htdocs\\node-practice\\videly\\node_modules\\express\\lib\\router\\index.js:335:12)\n    at next (C:\\xampp\\htdocs\\node-practice\\videly\\node_modules\\express\\lib\\router\\index.js:275:10)\n    at SendStream.error (C:\\xampp\\htdocs\\node-practice\\videly\\node_modules\\serve-static\\index.js:121:7)\n    at SendStream.emit (events.js:189:13)\n    at SendStream.error (C:\\xampp\\htdocs\\node-practice\\videly\\node_modules\\send\\index.js:270:17)\n    at SendStream.onStatError (C:\\xampp\\htdocs\\node-practice\\videly\\node_modules\\send\\index.js:421:12)"}
{"message":"Listening on port 3000","level":"info"}
{"message":"Connected to mongo db...","level":"info"}
{"message":"Listening on port 3000","level":"info"}
{"message":"Connected to mongo db...","level":"info"}
{"level":"error","message":"Unexpected token ,Unexpected token ,","stack":"C:\\xampp\\htdocs\\node-practice\\videly\\startup\\db.js:5\n    mongoose.connect('mongodb://localhost/videly',  { useNewUrlParser: true, 'useCreateIndex', true })\n                                                                                             ^\n\nSyntaxError: Unexpected token ,\n    at new Script (vm.js:80:7)\n    at createScript (vm.js:274:10)\n    at Object.runInThisContext (vm.js:326:10)\n    at Module._compile (internal/modules/cjs/loader.js:664:28)\n    at Object.Module._extensions..js (internal/modules/cjs/loader.js:712:10)\n    at Module.load (internal/modules/cjs/loader.js:600:32)\n    at tryModuleLoad (internal/modules/cjs/loader.js:539:12)\n    at Function.Module._load (internal/modules/cjs/loader.js:531:3)\n    at Module.require (internal/modules/cjs/loader.js:637:17)\n    at require (internal/modules/cjs/helpers.js:22:18)"}
{"message":"Listening on port 3000","level":"info"}
{"message":"Connected to mongo db...","level":"info"}
{"message":"Listening on port 3000","level":"info"}
{"message":"Connected to mongo db...","level":"info"}
{"message":"Listening on port 3000","level":"info"}
{"message":"Connected to mongo db...","level":"info"}
{"message":"Listening on port 3000","level":"info"}
{"message":"Connected to mongo db...","level":"info"}
{"message":"Listening on port 3000","level":"info"}
{"message":"Connected to mongo db...","level":"info"}
{"message":"Listening on port 3000","level":"info"}
{"message":"Connected to mongo db...","level":"info"}
